2022-08-02 22:00:37 [ChangeWallpapers] INFO [19] C:\Users\HomeDevelop\Pictures\ChangeWallpapers\thumb-1920-941898.jpg
2022-08-02 22:00:39 [ChangeWallpapers] INFO [19] C:\Users\HomeDevelop\Pictures\ChangeWallpapers\logger.py
2022-08-02 22:00:40 [ChangeWallpapers] INFO [19] C:\Users\HomeDevelop\Pictures\ChangeWallpapers\81fd54a4fb400d05caf469f7d548ba5d_r.jpg
2022-08-02 22:00:41 [ChangeWallpapers] INFO [19] C:\Users\HomeDevelop\Pictures\ChangeWallpapers\ChangeWallpapers.py
2022-08-02 22:00:42 [ChangeWallpapers] INFO [19] C:\Users\HomeDevelop\Pictures\ChangeWallpapers\v2-e544adfc65836e4f737aa3e6a9c175ea_r.jpg
2022-08-02 22:04:53 [ChangeWallpapers] INFO [26] C:\Users\HomeDevelop\Pictures\ChangeWallpapers\thumb-1920-941898.jpg
2022-08-02 22:04:56 [ChangeWallpapers] INFO [26] C:\Users\HomeDevelop\Pictures\ChangeWallpapers\v2-1ffec5c5345b7749e338aa7f097090dc_r.jpg
2022-08-02 22:04:57 [ChangeWallpapers] INFO [26] C:\Users\HomeDevelop\Pictures\ChangeWallpapers\v2-32c09ed08985e08dc33c1d7f4a079247_r.jpg
2022-08-02 22:04:58 [ChangeWallpapers] INFO [26] C:\Users\HomeDevelop\Pictures\ChangeWallpapers\win98壁纸.png
2022-08-02 22:04:59 [ChangeWallpapers] INFO [26] C:\Users\HomeDevelop\Pictures\ChangeWallpapers\81fd54a4fb400d05caf469f7d548ba5d_r.jpg
2022-08-02 22:05:00 [ChangeWallpapers] INFO [26] C:\Users\HomeDevelop\Pictures\ChangeWallpapers\v2-32c09ed08985e08dc33c1d7f4a079247_r.jpg
2022-08-02 22:05:01 [ChangeWallpapers] INFO [26] C:\Users\HomeDevelop\Pictures\ChangeWallpapers\v2-1ffec5c5345b7749e338aa7f097090dc_r.jpg
2022-08-02 22:05:02 [ChangeWallpapers] INFO [26] C:\Users\HomeDevelop\Pictures\ChangeWallpapers\v2-8ba8ae255f068b7b24dc7e7bf3d56711_r.jpg
2022-08-02 22:05:02 [ChangeWallpapers] INFO [26] C:\Users\HomeDevelop\Pictures\ChangeWallpapers\v2-1ffec5c5345b7749e338aa7f097090dc_r.jpg
2022-08-02 22:05:04 [ChangeWallpapers] INFO [26] C:\Users\HomeDevelop\Pictures\ChangeWallpapers\81fd54a4fb400d05caf469f7d548ba5d_r.jpg
2022-05-02 22:07:12 [ChangeWallpapers] INFO [26] C:\Users\HomeDevelop\Pictures\ChangeWallpapers\v2-32c09ed08985e08dc33c1d7f4a079247_r.jpg
2022-05-02 22:07:14 [ChangeWallpapers] INFO [26] C:\Users\HomeDevelop\Pictures\ChangeWallpapers\v2-32c09ed08985e08dc33c1d7f4a079247_r.jpg
2022-05-02 22:07:17 [ChangeWallpapers] INFO [26] C:\Users\HomeDevelop\Pictures\ChangeWallpapers\winxp壁纸内容.jpg
2022-05-02 22:07:18 [ChangeWallpapers] INFO [26] C:\Users\HomeDevelop\Pictures\ChangeWallpapers\v2-1ffec5c5345b7749e338aa7f097090dc_r.jpg
2022-05-02 22:07:19 [ChangeWallpapers] INFO [26] C:\Users\HomeDevelop\Pictures\ChangeWallpapers\v2-1ffec5c5345b7749e338aa7f097090dc_r.jpg
